{"code":"EAUTH","command":"AUTH PLAIN","level":"error","message":"Failed to send email to test@example.com: Invalid login: 535-5.7.8 Username and Password not accepted. For more information, go to\n535 5.7.8  https://support.google.com/mail/?p=BadCredentials d9443c01a7336-225c68aa906sm75447255ad.88 - gsmtp","response":"535-5.7.8 Username and Password not accepted. For more information, go to\n535 5.7.8  https://support.google.com/mail/?p=BadCredentials d9443c01a7336-225c68aa906sm75447255ad.88 - gsmtp","responseCode":535,"service":"hostel-management-api","stack":"Error: Invalid login: 535-5.7.8 Username and Password not accepted. For more information, go to\n535 5.7.8  https://support.google.com/mail/?p=BadCredentials d9443c01a7336-225c68aa906sm75447255ad.88 - gsmtp\n    at SMTPConnection._formatError (C:\\Users\\SANKEERTH\\hostel-management-system\\node_modules\\nodemailer\\lib\\smtp-connection\\index.js:809:19)\n    at SMTPConnection._actionAUTHComplete (C:\\Users\\SANKEERTH\\hostel-management-system\\node_modules\\nodemailer\\lib\\smtp-connection\\index.js:1588:34)\n    at SMTPConnection.<anonymous> (C:\\Users\\SANKEERTH\\hostel-management-system\\node_modules\\nodemailer\\lib\\smtp-connection\\index.js:556:26)\n    at SMTPConnection._processResponse (C:\\Users\\SANKEERTH\\hostel-management-system\\node_modules\\nodemailer\\lib\\smtp-connection\\index.js:993:20)\n    at SMTPConnection._onData (C:\\Users\\SANKEERTH\\hostel-management-system\\node_modules\\nodemailer\\lib\\smtp-connection\\index.js:774:14)\n    at SMTPConnection._onSocketData (C:\\Users\\SANKEERTH\\hostel-management-system\\node_modules\\nodemailer\\lib\\smtp-connection\\index.js:195:44)\n    at TLSSocket.emit (node:events:514:28)\n    at addChunk (node:internal/streams/readable:324:12)\n    at readableAddChunk (node:internal/streams/readable:297:9)\n    at Readable.push (node:internal/streams/readable:234:10)","timestamp":"2025-03-17 19:30:33"}
{"code":"42703","file":"parse_relation.c","hint":"Perhaps you meant to reference the column \"a.admin_id\".","length":165,"level":"error","line":"3732","message":"Error fetching notices: column n.admin_id does not exist","name":"error","position":"89","routine":"errorMissingColumn","service":"hostel-management-api","severity":"ERROR","stack":"error: column n.admin_id does not exist\n    at C:\\Users\\SANKEERTH\\hostel-management-system\\node_modules\\pg-pool\\index.js:45:11\n    at process.processTicksAndRejections (node:internal/process/task_queues:95:5)\n    at async C:\\Users\\SANKEERTH\\hostel-management-system\\routes\\notices.js:20:22","timestamp":"2025-03-18 03:41:36"}
{"ip":"::1","level":"error","message":"column n.admin_id does not exist","method":"GET","path":"/api/notices","service":"hostel-management-api","stack":"error: column n.admin_id does not exist\n    at C:\\Users\\SANKEERTH\\hostel-management-system\\node_modules\\pg-pool\\index.js:45:11\n    at process.processTicksAndRejections (node:internal/process/task_queues:95:5)\n    at async C:\\Users\\SANKEERTH\\hostel-management-system\\routes\\notices.js:20:22","timestamp":"2025-03-18 03:41:36"}
{"code":"42703","file":"parse_relation.c","hint":"Perhaps you meant to reference the column \"a.admin_id\".","length":165,"level":"error","line":"3732","message":"Error fetching notices: column n.admin_id does not exist","name":"error","position":"89","routine":"errorMissingColumn","service":"hostel-management-api","severity":"ERROR","stack":"error: column n.admin_id does not exist\n    at C:\\Users\\SANKEERTH\\hostel-management-system\\node_modules\\pg-pool\\index.js:45:11\n    at process.processTicksAndRejections (node:internal/process/task_queues:95:5)\n    at async C:\\Users\\SANKEERTH\\hostel-management-system\\routes\\notices.js:20:22","timestamp":"2025-03-18 03:41:37"}
{"ip":"::1","level":"error","message":"column n.admin_id does not exist","method":"GET","path":"/api/notices","service":"hostel-management-api","stack":"error: column n.admin_id does not exist\n    at C:\\Users\\SANKEERTH\\hostel-management-system\\node_modules\\pg-pool\\index.js:45:11\n    at process.processTicksAndRejections (node:internal/process/task_queues:95:5)\n    at async C:\\Users\\SANKEERTH\\hostel-management-system\\routes\\notices.js:20:22","timestamp":"2025-03-18 03:41:37"}
{"code":"42703","file":"parse_relation.c","hint":"Perhaps you meant to reference the column \"r.room_number\".","length":172,"level":"error","line":"3732","message":"Error fetching rooms: column s.room_number does not exist","name":"error","position":"201","routine":"errorMissingColumn","service":"hostel-management-api","severity":"ERROR","stack":"error: column s.room_number does not exist\n    at C:\\Users\\SANKEERTH\\hostel-management-system\\node_modules\\pg-pool\\index.js:45:11\n    at process.processTicksAndRejections (node:internal/process/task_queues:95:5)\n    at async C:\\Users\\SANKEERTH\\hostel-management-system\\routes\\rooms.js:24:22","timestamp":"2025-03-18 03:42:15"}
{"ip":"::1","level":"error","message":"column s.room_number does not exist","method":"GET","path":"/api/rooms","service":"hostel-management-api","stack":"error: column s.room_number does not exist\n    at C:\\Users\\SANKEERTH\\hostel-management-system\\node_modules\\pg-pool\\index.js:45:11\n    at process.processTicksAndRejections (node:internal/process/task_queues:95:5)\n    at async C:\\Users\\SANKEERTH\\hostel-management-system\\routes\\rooms.js:24:22","timestamp":"2025-03-18 03:42:15"}
{"code":"42703","file":"parse_relation.c","hint":"Perhaps you meant to reference the column \"r.room_number\".","length":172,"level":"error","line":"3732","message":"Error fetching rooms: column s.room_number does not exist","name":"error","position":"201","routine":"errorMissingColumn","service":"hostel-management-api","severity":"ERROR","stack":"error: column s.room_number does not exist\n    at C:\\Users\\SANKEERTH\\hostel-management-system\\node_modules\\pg-pool\\index.js:45:11\n    at process.processTicksAndRejections (node:internal/process/task_queues:95:5)\n    at async C:\\Users\\SANKEERTH\\hostel-management-system\\routes\\rooms.js:24:22","timestamp":"2025-03-18 03:42:15"}
{"ip":"::1","level":"error","message":"column s.room_number does not exist","method":"GET","path":"/api/rooms","service":"hostel-management-api","stack":"error: column s.room_number does not exist\n    at C:\\Users\\SANKEERTH\\hostel-management-system\\node_modules\\pg-pool\\index.js:45:11\n    at process.processTicksAndRejections (node:internal/process/task_queues:95:5)\n    at async C:\\Users\\SANKEERTH\\hostel-management-system\\routes\\rooms.js:24:22","timestamp":"2025-03-18 03:42:15"}
{"code":"42703","file":"parse_target.c","length":128,"level":"error","line":"1070","message":"Error creating notice: column \"admin_id\" of relation \"notices\" does not exist","name":"error","position":"29","routine":"checkInsertTargets","service":"hostel-management-api","severity":"ERROR","stack":"error: column \"admin_id\" of relation \"notices\" does not exist\n    at C:\\Users\\SANKEERTH\\hostel-management-system\\node_modules\\pg-pool\\index.js:45:11\n    at process.processTicksAndRejections (node:internal/process/task_queues:95:5)\n    at async C:\\Users\\SANKEERTH\\hostel-management-system\\routes\\notices.js:76:22","timestamp":"2025-03-18 03:43:54"}
{"ip":"::1","level":"error","message":"column \"admin_id\" of relation \"notices\" does not exist","method":"POST","path":"/api/notices","service":"hostel-management-api","stack":"error: column \"admin_id\" of relation \"notices\" does not exist\n    at C:\\Users\\SANKEERTH\\hostel-management-system\\node_modules\\pg-pool\\index.js:45:11\n    at process.processTicksAndRejections (node:internal/process/task_queues:95:5)\n    at async C:\\Users\\SANKEERTH\\hostel-management-system\\routes\\notices.js:76:22","timestamp":"2025-03-18 03:43:54"}
{"code":"42703","file":"parse_relation.c","hint":"Perhaps you meant to reference the column \"r.room_number\".","length":172,"level":"error","line":"3732","message":"Error fetching rooms: column s.room_number does not exist","name":"error","position":"201","routine":"errorMissingColumn","service":"hostel-management-api","severity":"ERROR","stack":"error: column s.room_number does not exist\n    at C:\\Users\\SANKEERTH\\hostel-management-system\\node_modules\\pg-pool\\index.js:45:11\n    at process.processTicksAndRejections (node:internal/process/task_queues:95:5)\n    at async C:\\Users\\SANKEERTH\\hostel-management-system\\routes\\rooms.js:24:22","timestamp":"2025-03-18 03:44:18"}
{"ip":"::1","level":"error","message":"column s.room_number does not exist","method":"GET","path":"/api/rooms","service":"hostel-management-api","stack":"error: column s.room_number does not exist\n    at C:\\Users\\SANKEERTH\\hostel-management-system\\node_modules\\pg-pool\\index.js:45:11\n    at process.processTicksAndRejections (node:internal/process/task_queues:95:5)\n    at async C:\\Users\\SANKEERTH\\hostel-management-system\\routes\\rooms.js:24:22","timestamp":"2025-03-18 03:44:18"}
{"code":"42703","file":"parse_relation.c","hint":"Perhaps you meant to reference the column \"r.room_number\".","length":172,"level":"error","line":"3732","message":"Error fetching rooms: column s.room_number does not exist","name":"error","position":"201","routine":"errorMissingColumn","service":"hostel-management-api","severity":"ERROR","stack":"error: column s.room_number does not exist\n    at C:\\Users\\SANKEERTH\\hostel-management-system\\node_modules\\pg-pool\\index.js:45:11\n    at process.processTicksAndRejections (node:internal/process/task_queues:95:5)\n    at async C:\\Users\\SANKEERTH\\hostel-management-system\\routes\\rooms.js:24:22","timestamp":"2025-03-18 03:44:18"}
{"ip":"::1","level":"error","message":"column s.room_number does not exist","method":"GET","path":"/api/rooms","service":"hostel-management-api","stack":"error: column s.room_number does not exist\n    at C:\\Users\\SANKEERTH\\hostel-management-system\\node_modules\\pg-pool\\index.js:45:11\n    at process.processTicksAndRejections (node:internal/process/task_queues:95:5)\n    at async C:\\Users\\SANKEERTH\\hostel-management-system\\routes\\rooms.js:24:22","timestamp":"2025-03-18 03:44:18"}
2025-03-18 04:08:47:847 [31merror[39m: [31mError connecting to database: database "hostel_management" does not exist[39m
2025-03-18 04:09:27:927 [31merror[39m: [31mError connecting to database: database "hostel_management" does not exist[39m
2025-03-18 04:10:48:1048 [31merror[39m: [31mError initializing database schema: column "room_number" does not exist[39m
2025-03-18 04:15:46:1546 [31merror[39m: [31mError fetching notices: column n.admin_id does not exist[39m
2025-03-18 04:15:46:1546 [31merror[39m: [31mError fetching notices: column n.admin_id does not exist[39m
2025-03-18 04:17:19:1719 [31merror[39m: [31mError registering admin: column "name" of relation "admins" does not exist[39m
2025-03-18 04:17:57:1757 [31merror[39m: [31mError registering admin: column "name" of relation "admins" does not exist[39m
2025-03-18 04:26:39:2639 [31merror[39m: [31mError fetching notices: column n.admin_id does not exist[39m
2025-03-18 04:26:39:2639 [31merror[39m: [31mError fetching notices: column n.admin_id does not exist[39m
2025-03-27 21:45:49:4549 [31merror[39m: [31mError fetching notices: column n.admin_id does not exist[39m
2025-03-27 21:45:49:4549 [31merror[39m: [31mError fetching notices: column n.admin_id does not exist[39m
2025-03-27 21:48:26:4826 [31merror[39m: [31mError fetching notices: column n.admin_id does not exist[39m
2025-03-27 21:48:26:4826 [31merror[39m: [31mError fetching notices: column n.admin_id does not exist[39m
2025-03-27 22:06:31:631 [31merror[39m: [31mError fetching notices: column n.admin_id does not exist[39m
2025-03-27 22:06:31:631 [31merror[39m: [31mError fetching notices: column n.admin_id does not exist[39m
2025-03-27 22:10:47:1047 [31merror[39m: [31mError registering admin: column "updated_at" of relation "admins" does not exist[39m
2025-03-27 22:11:24:1124 [31merror[39m: [31mError registering admin: column "updated_at" of relation "admins" does not exist[39m
2025-03-27 22:20:50:2050 [31merror[39m: [31mError registering admin: column "updated_at" of relation "admins" does not exist[39m
2025-03-27 22:35:27:3527 [31merror[39m: [31mError registering admin: column "updated_at" of relation "admins" does not exist[39m
2025-03-27 23:01:59:159 [31merror[39m: [31mError registering student: column "id" does not exist[39m
2025-03-27 23:01:59:159 [31merror[39m: [31mError registering admin: column "updated_at" of relation "admins" does not exist[39m
2025-03-27 23:04:58:458 [31merror[39m: [31mError registering student: column "id" does not exist[39m
2025-03-27 23:04:58:458 [31merror[39m: [31mError registering admin: column "updated_at" of relation "admins" does not exist[39m
2025-03-27 23:05:30:530 [31merror[39m: [31mError registering student: column "id" does not exist[39m
2025-03-27 23:05:30:530 [31merror[39m: [31mError registering admin: column "updated_at" of relation "admins" does not exist[39m
2025-03-27 23:39:17:3917 [31merror[39m: [31mError creating maintenance request: insert or update on table "maintenance_requests" violates foreign key constraint "maintenance_requests_room_number_fkey"[39m
2025-03-27 23:40:23:4023 [31merror[39m: [31mError fetching notices: column a.id does not exist[39m
2025-03-27 23:40:24:4024 [31merror[39m: [31mError fetching notices: column a.id does not exist[39m
2025-03-27 23:45:54:4554 [31merror[39m: [31mError fetching rooms: column r.status does not exist[39m
2025-03-27 23:45:54:4554 [31merror[39m: [31mError fetching rooms: column r.status does not exist[39m
2025-03-27 23:46:12:4612 [31merror[39m: [31mError fetching rooms: column r.status does not exist[39m
2025-03-27 23:46:12:4612 [31merror[39m: [31mError fetching rooms: column r.status does not exist[39m
2025-03-27 23:53:11:5311 [31merror[39m: [31mError fetching maintenance requests: column s.id does not exist[39m
2025-03-27 23:53:11:5311 [31merror[39m: [31mError fetching maintenance requests: column s.id does not exist[39m
2025-03-27 23:54:56:5456 [31merror[39m: [31mError fetching leave requests: column s.id does not exist[39m
2025-03-27 23:54:56:5456 [31merror[39m: [31mError fetching leave requests: column s.id does not exist[39m
2025-03-27 23:57:59:5759 [31merror[39m: [31mError creating maintenance request: insert or update on table "maintenance_requests" violates foreign key constraint "maintenance_requests_room_number_fkey"[39m
2025-03-28 00:01:44:144 [31merror[39m: [31mError creating leave request: column "leave_type" of relation "leave_requests" does not exist[39m
2025-03-28 00:19:48:1948 [31merror[39m: [31mError assigning room: column "r.room_id" must appear in the GROUP BY clause or be used in an aggregate function[39m
2025-03-28 00:21:32:2132 [31merror[39m: [31mError assigning room: column "r.room_id" must appear in the GROUP BY clause or be used in an aggregate function[39m
2025-03-28 00:21:42:2142 [31merror[39m: [31mError assigning room: column "r.room_id" must appear in the GROUP BY clause or be used in an aggregate function[39m
2025-03-28 00:22:17:2217 [31merror[39m: [31mError assigning room: column "r.room_id" must appear in the GROUP BY clause or be used in an aggregate function[39m
2025-03-28 01:24:31:2431 [31merror[39m: [31mError fetching student attendance: column admin.id does not exist[39m
2025-03-28 01:24:31:2431 [31merror[39m: [31mError fetching student attendance: column admin.id does not exist[39m
2025-03-28 01:30:49:3049 [31merror[39m: [31mError fetching student attendance: column admin.id does not exist[39m
2025-03-28 01:30:49:3049 [31merror[39m: [31mError fetching student attendance: column admin.id does not exist[39m
2025-03-28 01:49:43:4943 [31merror[39m: [31mError fetching student attendance: column admin.id does not exist[39m
2025-03-28 01:49:43:4943 [31merror[39m: [31mError fetching student attendance: column admin.id does not exist[39m
2025-03-28 09:21:59:2159 [31merror[39m: [31mError fetching student attendance: column admin.id does not exist[39m
2025-03-28 09:21:59:2159 [31merror[39m: [31mError fetching student attendance: column admin.id does not exist[39m
